<?xml version="1.0" encoding="UTF-8"?>
<!-- Generated by org.testng.reporters.JUnitXMLReporter -->
<testsuite hostname="apples-MacBook-Pro.local" ignored="3" name="Surefire test" tests="3" failures="1" timestamp="2021-03-27T14:24:49 IST" time="68.076" errors="0">
  <testcase name="verifyUserRegistration" time="15.155" classname="com.automation.DevOpsAssignment.RegistrationTest"/>
  <testcase name="createNewAccount" time="39.607" classname="com.automation.DevOpsAssignment.UserAccountTest">
    <failure type="org.openqa.selenium.TimeoutException" message="Expected condition failed: waiting for text (&amp;apos;Account Opened!&amp;apos;) to be present in element [[FirefoxDriver: firefox on MAC (385381b1-fb05-784f-9381-6ca4e0a16337)] -&amp;gt; xpath: //div/h1] (tried for 20 second(s) with 500 milliseconds interval)
Build info: version: &amp;apos;3.141.59&amp;apos;, revision: &amp;apos;e82be7d358&amp;apos;, time: &amp;apos;2018-11-14T08:17:03&amp;apos;
System info: host: &amp;apos;apples-MacBook-Pro.local&amp;apos;, ip: &amp;apos;192.168.1.3&amp;apos;, os.name: &amp;apos;Mac OS X&amp;apos;, os.arch: &amp;apos;x86_64&amp;apos;, os.version: &amp;apos;10.16&amp;apos;, java.version: &amp;apos;1.8.0_271&amp;apos;
Driver info: org.openqa.selenium.firefox.FirefoxDriver
Capabilities {acceptInsecureCerts: true, browserName: firefox, browserVersion: 86.0.1, javascriptEnabled: true, moz:accessibilityChecks: false, moz:buildID: 20210310152336, moz:geckodriverVersion: 0.29.0, moz:headless: false, moz:processID: 4205, moz:profile: /var/folders/4k/3vyfypg10rv..., moz:shutdownTimeout: 60000, moz:useNonSpecCompliantPointerOrigin: false, moz:webdriverClick: true, pageLoadStrategy: normal, platform: MAC, platformName: MAC, platformVersion: 20.3.0, rotatable: false, setWindowRect: true, strictFileInteractability: false, timeouts: {implicit: 0, pageLoad: 300000, script: 30000}, unhandledPromptBehavior: dismiss and notify}
Session ID: 385381b1-fb05-784f-9381-6ca4e0a16337">
      <![CDATA[org.openqa.selenium.TimeoutException: Expected condition failed: waiting for text ('Account Opened!') to be present in element [[FirefoxDriver: firefox on MAC (385381b1-fb05-784f-9381-6ca4e0a16337)] -> xpath: //div/h1] (tried for 20 second(s) with 500 milliseconds interval)
Build info: version: '3.141.59', revision: 'e82be7d358', time: '2018-11-14T08:17:03'
System info: host: 'apples-MacBook-Pro.local', ip: '192.168.1.3', os.name: 'Mac OS X', os.arch: 'x86_64', os.version: '10.16', java.version: '1.8.0_271'
Driver info: org.openqa.selenium.firefox.FirefoxDriver
Capabilities {acceptInsecureCerts: true, browserName: firefox, browserVersion: 86.0.1, javascriptEnabled: true, moz:accessibilityChecks: false, moz:buildID: 20210310152336, moz:geckodriverVersion: 0.29.0, moz:headless: false, moz:processID: 4205, moz:profile: /var/folders/4k/3vyfypg10rv..., moz:shutdownTimeout: 60000, moz:useNonSpecCompliantPointerOrigin: false, moz:webdriverClick: true, pageLoadStrategy: normal, platform: MAC, platformName: MAC, platformVersion: 20.3.0, rotatable: false, setWindowRect: true, strictFileInteractability: false, timeouts: {implicit: 0, pageLoad: 300000, script: 30000}, unhandledPromptBehavior: dismiss and notify}
Session ID: 385381b1-fb05-784f-9381-6ca4e0a16337
at org.openqa.selenium.support.ui.WebDriverWait.timeoutException(WebDriverWait.java:95)
at org.openqa.selenium.support.ui.FluentWait.until(FluentWait.java:272)
at com.automation.DevOpsAssignment.Waits.waitForTextPresent(Waits.java:30)
at com.automation.WebPages.OpenAccountPage.getTextOpenAccountSuccessMessage(OpenAccountPage.java:60)
at com.automation.DevOpsAssignment.UserAccountTest.createNewAccount(UserAccountTest.java:48)
at java.util.ArrayList.forEach(ArrayList.java:1259)
... Removed 32 stack frames]]>
    </failure>
  </testcase> <!-- createNewAccount -->
  <testcase name="verifyAccountServicesList" time="5.26" classname="com.automation.DevOpsAssignment.UserAccountTest"/>
  <testcase name="@BeforeTest launchApplication" time="0.0" classname="com.automation.DevOpsAssignment.TestBase">
    <ignored/>
  </testcase> <!-- @BeforeTest launchApplication -->
  <testcase name="@BeforeSuite launchBrowser" time="0.0" classname="com.automation.DevOpsAssignment.TestBase">
    <ignored/>
  </testcase> <!-- @BeforeSuite launchBrowser -->
  <testcase name="@AfterSuite killSession" time="0.0" classname="com.automation.DevOpsAssignment.TestBase">
    <ignored/>
  </testcase> <!-- @AfterSuite killSession -->
</testsuite> <!-- Surefire test -->
