<?xml version="1.0" encoding="UTF-8"?>
<!-- Generated by org.testng.reporters.JUnitXMLReporter -->
<testsuite hostname="apples-MacBook-Pro.local" ignored="3" name="Surefire test" tests="3" failures="0" timestamp="2021-03-27T10:00:02 IST" time="48.925" errors="0">
  <testcase name="verifyUserRegistration" time="9.086" classname="com.automation.DevOpsAssignment.RegistrationTest"/>
  <testcase name="createNewAccount" time="32.192" classname="com.automation.DevOpsAssignment.UserAccountTest"/>
  <testcase name="verifyAccountServicesList" time="2.858" classname="com.automation.DevOpsAssignment.UserAccountTest"/>
  <testcase name="@BeforeTest launchApplication" time="0.0" classname="com.automation.DevOpsAssignment.TestBase">
    <ignored/>
  </testcase> <!-- @BeforeTest launchApplication -->
  <testcase name="@BeforeSuite launchBrowser" time="0.0" classname="com.automation.DevOpsAssignment.TestBase">
    <ignored/>
  </testcase> <!-- @BeforeSuite launchBrowser -->
  <testcase name="@AfterSuite killSession" time="0.0" classname="com.automation.DevOpsAssignment.TestBase">
    <ignored/>
  </testcase> <!-- @AfterSuite killSession -->
</testsuite> <!-- Surefire test -->
