<?xml version="1.0" encoding="UTF-8"?>
<!-- Generated by org.testng.reporters.JUnitXMLReporter -->
<testsuite hostname="apples-MacBook-Pro.local" ignored="6" name="Test" tests="5" failures="0" timestamp="2021-03-28T11:40:18 IST" time="44.968" errors="0">
  <testcase name="verifyUserRegistration" time="13.524" classname="com.automation.DevOpsAssignment.RegistrationTest"/>
  <testcase name="createNewAccount" time="8.828" classname="com.automation.DevOpsAssignment.UserAccountTest"/>
  <testcase name="verifyAccountServicesList" time="5.295" classname="com.automation.DevOpsAssignment.UserAccountTest"/>
  <testcase name="verifyAccountOverview" time="6.516" classname="com.automation.DevOpsAssignment.AccountOverviewTest"/>
  <testcase name="verifyTableDataAndPrintOnConsole" time="5.36" classname="com.automation.DevOpsAssignment.AccountOverviewTest"/>
  <testcase name="@BeforeTest launchApplication" time="0.0" classname="com.automation.DevOpsAssignment.TestBase">
    <ignored/>
  </testcase> <!-- @BeforeTest launchApplication -->
  <testcase name="@BeforeTest launchApplication" time="0.0" classname="com.automation.DevOpsAssignment.TestBase">
    <ignored/>
  </testcase> <!-- @BeforeTest launchApplication -->
  <testcase name="@BeforeSuite launchBrowser" time="0.0" classname="com.automation.DevOpsAssignment.TestBase">
    <ignored/>
  </testcase> <!-- @BeforeSuite launchBrowser -->
  <testcase name="@BeforeSuite launchBrowser" time="0.0" classname="com.automation.DevOpsAssignment.TestBase">
    <ignored/>
  </testcase> <!-- @BeforeSuite launchBrowser -->
  <testcase name="@AfterSuite killSession" time="0.0" classname="com.automation.DevOpsAssignment.TestBase">
    <ignored/>
  </testcase> <!-- @AfterSuite killSession -->
  <testcase name="@AfterSuite killSession" time="0.0" classname="com.automation.DevOpsAssignment.TestBase">
    <ignored/>
  </testcase> <!-- @AfterSuite killSession -->
</testsuite> <!-- Test -->
