<?xml version="1.0" encoding="UTF-8"?>
<!-- Generated by org.testng.reporters.JUnitXMLReporter -->
<testsuite hostname="apples-MacBook-Pro.local" ignored="6" name="Test" tests="5" failures="1" timestamp="2021-03-28T11:35:49 IST" time="43.653" errors="0">
  <testcase name="verifyUserRegistration" time="12.864" classname="com.automation.DevOpsAssignment.RegistrationTest"/>
  <testcase name="createNewAccount" time="7.717" classname="com.automation.DevOpsAssignment.UserAccountTest"/>
  <testcase name="verifyAccountServicesList" time="5.284" classname="com.automation.DevOpsAssignment.UserAccountTest"/>
  <testcase name="verifyAccountOverview" time="6.914" classname="com.automation.DevOpsAssignment.AccountOverviewTest"/>
  <testcase name="verifyTableDataAndPrintOnConsole" time="5.352" classname="com.automation.DevOpsAssignment.AccountOverviewTest">
    <failure type="java.util.MissingFormatArgumentException" message="Format specifier &amp;apos;%-18s&amp;apos;">
      <![CDATA[java.util.MissingFormatArgumentException: Format specifier '%-18s'
at java.util.Formatter.format(Formatter.java:2519)
at java.util.Formatter.format(Formatter.java:2455)
at java.lang.String.format(String.java:2940)
at com.automation.DevOpsAssignment.CommonFunctions.formatAsTable(CommonFunctions.java:38)
at com.automation.DevOpsAssignment.AccountOverviewTest.verifyTableDataAndPrintOnConsole(AccountOverviewTest.java:54)
at java.util.ArrayList.forEach(ArrayList.java:1259)
... Removed 31 stack frames]]>
    </failure>
  </testcase> <!-- verifyTableDataAndPrintOnConsole -->
  <testcase name="@BeforeTest launchApplication" time="0.0" classname="com.automation.DevOpsAssignment.TestBase">
    <ignored/>
  </testcase> <!-- @BeforeTest launchApplication -->
  <testcase name="@BeforeTest launchApplication" time="0.0" classname="com.automation.DevOpsAssignment.TestBase">
    <ignored/>
  </testcase> <!-- @BeforeTest launchApplication -->
  <testcase name="@BeforeSuite launchBrowser" time="0.0" classname="com.automation.DevOpsAssignment.TestBase">
    <ignored/>
  </testcase> <!-- @BeforeSuite launchBrowser -->
  <testcase name="@BeforeSuite launchBrowser" time="0.0" classname="com.automation.DevOpsAssignment.TestBase">
    <ignored/>
  </testcase> <!-- @BeforeSuite launchBrowser -->
  <testcase name="@AfterSuite killSession" time="0.0" classname="com.automation.DevOpsAssignment.TestBase">
    <ignored/>
  </testcase> <!-- @AfterSuite killSession -->
  <testcase name="@AfterSuite killSession" time="0.0" classname="com.automation.DevOpsAssignment.TestBase">
    <ignored/>
  </testcase> <!-- @AfterSuite killSession -->
</testsuite> <!-- Test -->
