<?xml version="1.0" encoding="UTF-8"?>
<testng-results skipped="0" failed="1" ignored="3" total="6" passed="2">
  <reporter-output>
  </reporter-output>
  <suite name="Surefire suite" duration-ms="68076" started-at="2021-03-27T14:23:35 IST" finished-at="2021-03-27T14:24:43 IST">
    <groups>
    </groups>
    <test name="Surefire test" duration-ms="68076" started-at="2021-03-27T14:23:35 IST" finished-at="2021-03-27T14:24:43 IST">
      <class name="com.automation.DevOpsAssignment.UserAccountTest">
        <test-method status="PASS" signature="initilizePages()[pri:0, instance:com.automation.DevOpsAssignment.UserAccountTest@2357d90a]" name="initilizePages" is-config="true" duration-ms="7" started-at="2021-03-27T14:23:59 IST" finished-at="2021-03-27T14:23:59 IST">
          <reporter-output>
          </reporter-output>
        </test-method> <!-- initilizePages -->
        <test-method status="FAIL" signature="createNewAccount()[pri:0, instance:com.automation.DevOpsAssignment.UserAccountTest@2357d90a]" name="createNewAccount" duration-ms="39607" started-at="2021-03-27T14:23:59 IST" finished-at="2021-03-27T14:24:38 IST">
          <exception class="org.openqa.selenium.TimeoutException">
            <message>
              <![CDATA[Expected condition failed: waiting for text ('Account Opened!') to be present in element [[FirefoxDriver: firefox on MAC (385381b1-fb05-784f-9381-6ca4e0a16337)] -> xpath: //div/h1] (tried for 20 second(s) with 500 milliseconds interval)
Build info: version: '3.141.59', revision: 'e82be7d358', time: '2018-11-14T08:17:03'
System info: host: 'apples-MacBook-Pro.local', ip: '192.168.1.3', os.name: 'Mac OS X', os.arch: 'x86_64', os.version: '10.16', java.version: '1.8.0_271'
Driver info: org.openqa.selenium.firefox.FirefoxDriver
Capabilities {acceptInsecureCerts: true, browserName: firefox, browserVersion: 86.0.1, javascriptEnabled: true, moz:accessibilityChecks: false, moz:buildID: 20210310152336, moz:geckodriverVersion: 0.29.0, moz:headless: false, moz:processID: 4205, moz:profile: /var/folders/4k/3vyfypg10rv..., moz:shutdownTimeout: 60000, moz:useNonSpecCompliantPointerOrigin: false, moz:webdriverClick: true, pageLoadStrategy: normal, platform: MAC, platformName: MAC, platformVersion: 20.3.0, rotatable: false, setWindowRect: true, strictFileInteractability: false, timeouts: {implicit: 0, pageLoad: 300000, script: 30000}, unhandledPromptBehavior: dismiss and notify}
Session ID: 385381b1-fb05-784f-9381-6ca4e0a16337]]>
            </message>
            <full-stacktrace>
              <![CDATA[org.openqa.selenium.TimeoutException: Expected condition failed: waiting for text ('Account Opened!') to be present in element [[FirefoxDriver: firefox on MAC (385381b1-fb05-784f-9381-6ca4e0a16337)] -> xpath: //div/h1] (tried for 20 second(s) with 500 milliseconds interval)
Build info: version: '3.141.59', revision: 'e82be7d358', time: '2018-11-14T08:17:03'
System info: host: 'apples-MacBook-Pro.local', ip: '192.168.1.3', os.name: 'Mac OS X', os.arch: 'x86_64', os.version: '10.16', java.version: '1.8.0_271'
Driver info: org.openqa.selenium.firefox.FirefoxDriver
Capabilities {acceptInsecureCerts: true, browserName: firefox, browserVersion: 86.0.1, javascriptEnabled: true, moz:accessibilityChecks: false, moz:buildID: 20210310152336, moz:geckodriverVersion: 0.29.0, moz:headless: false, moz:processID: 4205, moz:profile: /var/folders/4k/3vyfypg10rv..., moz:shutdownTimeout: 60000, moz:useNonSpecCompliantPointerOrigin: false, moz:webdriverClick: true, pageLoadStrategy: normal, platform: MAC, platformName: MAC, platformVersion: 20.3.0, rotatable: false, setWindowRect: true, strictFileInteractability: false, timeouts: {implicit: 0, pageLoad: 300000, script: 30000}, unhandledPromptBehavior: dismiss and notify}
Session ID: 385381b1-fb05-784f-9381-6ca4e0a16337
at org.openqa.selenium.support.ui.WebDriverWait.timeoutException(WebDriverWait.java:95)
at org.openqa.selenium.support.ui.FluentWait.until(FluentWait.java:272)
at com.automation.DevOpsAssignment.Waits.waitForTextPresent(Waits.java:30)
at com.automation.WebPages.OpenAccountPage.getTextOpenAccountSuccessMessage(OpenAccountPage.java:60)
at com.automation.DevOpsAssignment.UserAccountTest.createNewAccount(UserAccountTest.java:48)
at sun.reflect.NativeMethodAccessorImpl.invoke0(Native Method)
at sun.reflect.NativeMethodAccessorImpl.invoke(NativeMethodAccessorImpl.java:62)
at sun.reflect.DelegatingMethodAccessorImpl.invoke(DelegatingMethodAccessorImpl.java:43)
at java.lang.reflect.Method.invoke(Method.java:498)
at org.testng.internal.MethodInvocationHelper.invokeMethod(MethodInvocationHelper.java:132)
at org.testng.internal.TestInvoker.invokeMethod(TestInvoker.java:599)
at org.testng.internal.TestInvoker.invokeTestMethod(TestInvoker.java:174)
at org.testng.internal.MethodRunner.runInSequence(MethodRunner.java:46)
at org.testng.internal.TestInvoker$MethodInvocationAgent.invoke(TestInvoker.java:822)
at org.testng.internal.TestInvoker.invokeTestMethods(TestInvoker.java:147)
at org.testng.internal.TestMethodWorker.invokeTestMethods(TestMethodWorker.java:146)
at org.testng.internal.TestMethodWorker.run(TestMethodWorker.java:128)
at java.util.ArrayList.forEach(ArrayList.java:1259)
at org.testng.TestRunner.privateRun(TestRunner.java:764)
at org.testng.TestRunner.run(TestRunner.java:585)
at org.testng.SuiteRunner.runTest(SuiteRunner.java:384)
at org.testng.SuiteRunner.runSequentially(SuiteRunner.java:378)
at org.testng.SuiteRunner.privateRun(SuiteRunner.java:337)
at org.testng.SuiteRunner.run(SuiteRunner.java:286)
at org.testng.SuiteRunnerWorker.runSuite(SuiteRunnerWorker.java:53)
at org.testng.SuiteRunnerWorker.run(SuiteRunnerWorker.java:96)
at org.testng.TestNG.runSuitesSequentially(TestNG.java:1218)
at org.testng.TestNG.runSuitesLocally(TestNG.java:1140)
at org.testng.TestNG.runSuites(TestNG.java:1069)
at org.testng.TestNG.run(TestNG.java:1037)
at org.apache.maven.surefire.testng.TestNGExecutor.run(TestNGExecutor.java:135)
at org.apache.maven.surefire.testng.TestNGDirectoryTestSuite.executeMulti(TestNGDirectoryTestSuite.java:193)
at org.apache.maven.surefire.testng.TestNGDirectoryTestSuite.execute(TestNGDirectoryTestSuite.java:94)
at org.apache.maven.surefire.testng.TestNGProvider.invoke(TestNGProvider.java:146)
at org.apache.maven.surefire.booter.ForkedBooter.invokeProviderInSameClassLoader(ForkedBooter.java:384)
at org.apache.maven.surefire.booter.ForkedBooter.runSuitesInProcess(ForkedBooter.java:345)
at org.apache.maven.surefire.booter.ForkedBooter.execute(ForkedBooter.java:126)
at org.apache.maven.surefire.booter.ForkedBooter.main(ForkedBooter.java:418)
]]>
            </full-stacktrace>
          </exception> <!-- org.openqa.selenium.TimeoutException -->
          <reporter-output>
          </reporter-output>
        </test-method> <!-- createNewAccount -->
        <test-method status="PASS" signature="verifyAccountServicesList()[pri:0, instance:com.automation.DevOpsAssignment.UserAccountTest@2357d90a]" name="verifyAccountServicesList" duration-ms="5260" started-at="2021-03-27T14:24:38 IST" finished-at="2021-03-27T14:24:43 IST">
          <reporter-output>
          </reporter-output>
        </test-method> <!-- verifyAccountServicesList -->
      </class> <!-- com.automation.DevOpsAssignment.UserAccountTest -->
      <class name="com.automation.DevOpsAssignment.RegistrationTest">
        <test-method status="PASS" signature="launchBrowser()[pri:0, instance:com.automation.DevOpsAssignment.RegistrationTest@7f9fcf7f]" name="launchBrowser" is-config="true" duration-ms="3812" started-at="2021-03-27T14:23:32 IST" finished-at="2021-03-27T14:23:35 IST">
          <reporter-output>
          </reporter-output>
        </test-method> <!-- launchBrowser -->
        <test-method status="PASS" signature="launchApplication()[pri:0, instance:com.automation.DevOpsAssignment.RegistrationTest@7f9fcf7f]" name="launchApplication" is-config="true" duration-ms="7912" started-at="2021-03-27T14:23:35 IST" finished-at="2021-03-27T14:23:43 IST">
          <reporter-output>
          </reporter-output>
        </test-method> <!-- launchApplication -->
        <test-method status="PASS" signature="initilizePages()[pri:0, instance:com.automation.DevOpsAssignment.RegistrationTest@7f9fcf7f]" name="initilizePages" is-config="true" duration-ms="36" started-at="2021-03-27T14:23:43 IST" finished-at="2021-03-27T14:23:43 IST">
          <reporter-output>
          </reporter-output>
        </test-method> <!-- initilizePages -->
        <test-method status="PASS" signature="verifyUserRegistration()[pri:0, instance:com.automation.DevOpsAssignment.RegistrationTest@7f9fcf7f]" name="verifyUserRegistration" duration-ms="15155" started-at="2021-03-27T14:23:43 IST" finished-at="2021-03-27T14:23:59 IST">
          <reporter-output>
          </reporter-output>
        </test-method> <!-- verifyUserRegistration -->
        <test-method status="PASS" signature="killSession()[pri:0, instance:com.automation.DevOpsAssignment.RegistrationTest@7f9fcf7f]" name="killSession" is-config="true" duration-ms="604" started-at="2021-03-27T14:24:49 IST" finished-at="2021-03-27T14:24:49 IST">
          <reporter-output>
          </reporter-output>
        </test-method> <!-- killSession -->
      </class> <!-- com.automation.DevOpsAssignment.RegistrationTest -->
    </test> <!-- Surefire test -->
  </suite> <!-- Surefire suite -->
</testng-results>
